mar. 11, 2025 3:51:46 PM liquibase.changelog
INFO: Reading resource: db/changelog/migrations/db.changelog-202503071148.sql
mar. 11, 2025 3:51:46 PM liquibase.changelog
INFO: Reading resource: db/changelog/migrations/db.changelog-202503071657.sql
mar. 11, 2025 3:51:46 PM liquibase.changelog
INFO: Reading resource: db/changelog/migrations/db.changelog-202503071713.sql
mar. 11, 2025 3:51:46 PM liquibase.changelog
INFO: Reading resource: db/changelog/migrations/db.changelog-202503071716.sql
mar. 11, 2025 3:51:46 PM liquibase.changelog
INFO: Reading from board.DATABASECHANGELOG
mar. 11, 2025 3:51:46 PM liquibase.changelog
INFO: Change failed validation!
mar. 11, 2025 3:51:46 PM liquibase.command
INFO: Logging exception.
ERROR: Exception Details
ERROR: Exception Primary Class:  ValidationFailedException
ERROR: Exception Primary Reason:  Validation Failed:
     2 changesets check sum
          db/changelog/migrations/db.changelog-202503071713.sql::202503071713::andre was: 9:cf3bd0c9c06cde8007e5f7fa978f3aad but is now: 9:0427d24dfcd55a443cd878e0d9d9366d
          db/changelog/migrations/db.changelog-202503071716.sql::202503071716::andre was: 9:4dd2ebed55a6a122149499e0f1d4c06d but is now: 9:b2afcee1b3e52ed694456071eb9016ed

ERROR: Exception Primary Source:  4.29.1
mar. 11, 2025 3:51:46 PM liquibase.command
INFO: Command execution complete
liquibase.exception.CommandExecutionException: liquibase.exception.ValidationFailedException: Validation Failed:
     2 changesets check sum
          db/changelog/migrations/db.changelog-202503071713.sql::202503071713::andre was: 9:cf3bd0c9c06cde8007e5f7fa978f3aad but is now: 9:0427d24dfcd55a443cd878e0d9d9366d
          db/changelog/migrations/db.changelog-202503071716.sql::202503071716::andre was: 9:4dd2ebed55a6a122149499e0f1d4c06d but is now: 9:b2afcee1b3e52ed694456071eb9016ed

	at liquibase.command.CommandScope.execute(CommandScope.java:258)
	at liquibase.Liquibase.lambda$update$0(Liquibase.java:216)
	at liquibase.Scope.lambda$child$0(Scope.java:191)
	at liquibase.Scope.child(Scope.java:200)
	at liquibase.Scope.child(Scope.java:190)
	at liquibase.Scope.child(Scope.java:169)
	at liquibase.Liquibase.runInScope(Liquibase.java:1290)
	at liquibase.Liquibase.update(Liquibase.java:205)
	at liquibase.Liquibase.update(Liquibase.java:188)
	at liquibase.Liquibase.update(Liquibase.java:175)
	at liquibase.Liquibase.update(Liquibase.java:155)
	at br.com.dio.persistence.migration.MigrationStrategy.executeMigration(MigrationStrategy.java:35)
	at br.com.dio.Main.main(Main.java:20)
Caused by: liquibase.exception.ValidationFailedException: Validation Failed:
     2 changesets check sum
          db/changelog/migrations/db.changelog-202503071713.sql::202503071713::andre was: 9:cf3bd0c9c06cde8007e5f7fa978f3aad but is now: 9:0427d24dfcd55a443cd878e0d9d9366d
          db/changelog/migrations/db.changelog-202503071716.sql::202503071716::andre was: 9:4dd2ebed55a6a122149499e0f1d4c06d but is now: 9:b2afcee1b3e52ed694456071eb9016ed

	at liquibase.changelog.DatabaseChangeLog.validate(DatabaseChangeLog.java:393)
	at liquibase.command.core.helpers.DatabaseChangelogCommandStep.run(DatabaseChangelogCommandStep.java:92)
	at liquibase.command.CommandScope.execute(CommandScope.java:220)
	... 12 more
